nohup: ignoring input
Using device: cuda
Initializing YOLO model: yolo11l-seg.pt
Data YAML written to: datasets/yolo_dataset/assess.yaml
Starting instance segmentation training with l encoder...
Error calculating class weights: 'str' object has no attribute 'get'
Continuing training without explicit class weights in loss.
Starting training with the following parameters:
data: datasets/yolo_dataset/assess.yaml
epochs: 300
batch: 16
lr0: 0.001
lrf: 0.01
device: cuda
imgsz: 1024
workers: 8
optimizer: AdamW
seed: 42
pretrained: True
verbose: False
project: instance_segmentation
name: l_seg
task: segment
weight_decay: 0.001
degrees: 15.0
scale: 0.5
shear: 3.0
flipud: 0.5
fliplr: 0.5
hsv_h: 0.015
hsv_s: 0.7
hsv_v: 0.4
mosaic: 1.0
mixup: 0.2
copy_paste: 0.2
erasing: 0.1
dropout: 0.1

Training Results Summary:
Best mAP50: 0.791
Best Precision: 0.804
Best Recall: 0.726
